# JRE version: OpenJDK Runtime Environment (21.0.6) (build 21.0.6+-13355223-b631.42)
# Java VM: OpenJDK 64-Bit Server VM (21.0.6+-13355223-b631.42, mixed mode, tiered, compressed oops, compressed class ptrs, g1 gc, windows-amd64)
GC Precious Log:
 CardTable entry size: 512
 Card Set container configuration: InlinePtr #cards 5 size 8 Array Of Cards #cards 12 size 40 Howl #buckets 4 coarsen threshold 1843 Howl Bitmap #cards 512 size 80 coarsen threshold 460 Card regions per heap region 1 cards per card region 2048
 CPUs: 20 total, 20 available
 Memory: 16103M
 Large Page Support: Disabled
 NUMA Support: Disabled
 Compressed Oops: Enabled (32-bit)
 Heap Region Size: 1M
 Heap Min Capacity: 8M
 Heap Initial Capacity: 252M
 Heap Max Capacity: 2G
 Pre-touch: Disabled
 Parallel Workers: 15
 Concurrent Workers: 4
 Concurrent Refinement Workers: 15
 Periodic GC: Disabled
Heap:
 garbage-first heap   total 199680K, used 156650K [0x0000000080000000, 0x0000000100000000)
  region size 1024K, 42 young (43008K), 5 survivors (5120K)
 Metaspace       used 109873K, committed 112128K, reserved 1179648K
  class space    used 14846K, committed 16000K, reserved 1048576K
GC Heap History (20 events):
Event: 6.530 GC heap before
{Heap before GC invocations=24 (full 0):
 garbage-first heap   total 138240K, used 124550K [0x0000000080000000, 0x0000000100000000)
  region size 1024K, 56 young (57344K), 4 survivors (4096K)
 Metaspace       used 85248K, committed 87168K, reserved 1179648K
  class space    used 11451K, committed 12416K, reserved 1048576K
}
Event: 6.533 GC heap after
{Heap after GC invocations=25 (full 0):
 garbage-first heap   total 138240K, used 74434K [0x0000000080000000, 0x0000000100000000)
  region size 1024K, 7 young (7168K), 7 survivors (7168K)
 Metaspace       used 85248K, committed 87168K, reserved 1179648K
  class space    used 11451K, committed 12416K, reserved 1048576K
}
Event: 6.883 GC heap before
{Heap before GC invocations=25 (full 0):
 garbage-first heap   total 138240K, used 122562K [0x0000000080000000, 0x0000000100000000)
  region size 1024K, 54 young (55296K), 7 survivors (7168K)
 Metaspace       used 89152K, committed 91072K, reserved 1179648K
  class space    used 12130K, committed 13120K, reserved 1048576K
}
Event: 6.887 GC heap after
{Heap after GC invocations=26 (full 0):
 garbage-first heap   total 138240K, used 75660K [0x0000000080000000, 0x0000000100000000)
  region size 1024K, 2 young (2048K), 2 survivors (2048K)
 Metaspace       used 89152K, committed 91072K, reserved 1179648K
  class space    used 12130K, committed 13120K, reserved 1048576K
}
Event: 7.270 GC heap before
{Heap before GC invocations=26 (full 0):
 garbage-first heap   total 138240K, used 126860K [0x0000000080000000, 0x0000000100000000)
  region size 1024K, 52 young (53248K), 2 survivors (2048K)
 Metaspace       used 93395K, committed 95424K, reserved 1179648K
  class space    used 12741K, committed 13760K, reserved 1048576K
}
Event: 7.273 GC heap after
{Heap after GC invocations=27 (full 0):
 garbage-first heap   total 165888K, used 78595K [0x0000000080000000, 0x0000000100000000)
  region size 1024K, 5 young (5120K), 5 survivors (5120K)
 Metaspace       used 93395K, committed 95424K, reserved 1179648K
  class space    used 12741K, committed 13760K, reserved 1048576K
}
Event: 7.855 GC heap before
{Heap before GC invocations=28 (full 0):
 garbage-first heap   total 165888K, used 146179K [0x0000000080000000, 0x0000000100000000)
  region size 1024K, 71 young (72704K), 5 survivors (5120K)
 Metaspace       used 98931K, committed 100992K, reserved 1179648K
  class space    used 13570K, committed 14592K, reserved 1048576K
}
Event: 7.858 GC heap after
{Heap after GC invocations=29 (full 0):
 garbage-first heap   total 165888K, used 82278K [0x0000000080000000, 0x0000000100000000)
  region size 1024K, 9 young (9216K), 9 survivors (9216K)
 Metaspace       used 98931K, committed 100992K, reserved 1179648K
  class space    used 13570K, committed 14592K, reserved 1048576K
}
Event: 8.334 GC heap before
{Heap before GC invocations=29 (full 0):
 garbage-first heap   total 165888K, used 145766K [0x0000000080000000, 0x0000000100000000)
  region size 1024K, 72 young (73728K), 9 survivors (9216K)
 Metaspace       used 102256K, committed 104448K, reserved 1179648K
  class space    used 14076K, committed 15168K, reserved 1048576K
}
Event: 8.340 GC heap after
{Heap after GC invocations=30 (full 0):
 garbage-first heap   total 165888K, used 87126K [0x0000000080000000, 0x0000000100000000)
  region size 1024K, 9 young (9216K), 9 survivors (9216K)
 Metaspace       used 102256K, committed 104448K, reserved 1179648K
  class space    used 14076K, committed 15168K, reserved 1048576K
}
Event: 8.536 GC heap before
{Heap before GC invocations=30 (full 0):
 garbage-first heap   total 165888K, used 126038K [0x0000000080000000, 0x0000000100000000)
  region size 1024K, 49 young (50176K), 9 survivors (9216K)
 Metaspace       used 102485K, committed 104640K, reserved 1179648K
  class space    used 14122K, committed 15168K, reserved 1048576K
}
Event: 8.540 GC heap after
{Heap after GC invocations=31 (full 0):
 garbage-first heap   total 165888K, used 90736K [0x0000000080000000, 0x0000000100000000)
  region size 1024K, 5 young (5120K), 5 survivors (5120K)
 Metaspace       used 102485K, committed 104640K, reserved 1179648K
  class space    used 14122K, committed 15168K, reserved 1048576K
}
Event: 9.095 GC heap before
{Heap before GC invocations=32 (full 0):
 garbage-first heap   total 165888K, used 156272K [0x0000000080000000, 0x0000000100000000)
  region size 1024K, 63 young (64512K), 5 survivors (5120K)
 Metaspace       used 105883K, committed 108032K, reserved 1179648K
  class space    used 14425K, committed 15488K, reserved 1048576K
}
Event: 9.101 GC heap after
{Heap after GC invocations=33 (full 0):
 garbage-first heap   total 184320K, used 111874K [0x0000000080000000, 0x0000000100000000)
  region size 1024K, 8 young (8192K), 8 survivors (8192K)
 Metaspace       used 105883K, committed 108032K, reserved 1179648K
  class space    used 14425K, committed 15488K, reserved 1048576K
}
Event: 9.442 GC heap before
{Heap before GC invocations=33 (full 0):
 garbage-first heap   total 184320K, used 169218K [0x0000000080000000, 0x0000000100000000)
  region size 1024K, 50 young (51200K), 8 survivors (8192K)
 Metaspace       used 108529K, committed 110656K, reserved 1179648K
  class space    used 14709K, committed 15808K, reserved 1048576K
}
Event: 9.446 GC heap after
{Heap after GC invocations=34 (full 0):
 garbage-first heap   total 186368K, used 116474K [0x0000000080000000, 0x0000000100000000)
  region size 1024K, 7 young (7168K), 7 survivors (7168K)
 Metaspace       used 108529K, committed 110656K, reserved 1179648K
  class space    used 14709K, committed 15808K, reserved 1048576K
}
Event: 9.634 GC heap before
{Heap before GC invocations=34 (full 0):
 garbage-first heap   total 186368K, used 158458K [0x0000000080000000, 0x0000000100000000)
  region size 1024K, 49 young (50176K), 7 survivors (7168K)
 Metaspace       used 108880K, committed 111040K, reserved 1179648K
  class space    used 14751K, committed 15872K, reserved 1048576K
}
Event: 9.638 GC heap after
{Heap after GC invocations=35 (full 0):
 garbage-first heap   total 186368K, used 119484K [0x0000000080000000, 0x0000000100000000)
  region size 1024K, 5 young (5120K), 5 survivors (5120K)
 Metaspace       used 108880K, committed 111040K, reserved 1179648K
  class space    used 14751K, committed 15872K, reserved 1048576K
}
Event: 9.761 GC heap before
{Heap before GC invocations=36 (full 0):
 garbage-first heap   total 199680K, used 159420K [0x0000000080000000, 0x0000000100000000)
  region size 1024K, 46 young (47104K), 5 survivors (5120K)
 Metaspace       used 109452K, committed 111680K, reserved 1179648K
  class space    used 14804K, committed 15936K, reserved 1048576K
}
Event: 9.766 GC heap after
{Heap after GC invocations=37 (full 0):
 garbage-first heap   total 199680K, used 120810K [0x0000000080000000, 0x0000000100000000)
  region size 1024K, 5 young (5120K), 5 survivors (5120K)
 Metaspace       used 109452K, committed 111680K, reserved 1179648K
  class space    used 14804K, committed 15936K, reserved 1048576K
}

